<?xml version="1.0" encoding="UTF-8"?>
<!-- Generated by org.testng.reporters.JUnitReportReporter -->
<testsuite hostname="JAGDEESH" failures="0" tests="1" name="testclass.Test_Cases" time="10.349" errors="0" timestamp="2023-03-27T16:30:46 IST" skipped="0">
  <testcase classname="testclass.Test_Cases" name="navigatestotheloginURL" time="10.349"/>
  <system-out/>
</testsuite> <!-- testclass.Test_Cases -->
