<?xml version="1.0" encoding="UTF-8"?>
<!-- Generated by org.testng.reporters.JUnitReportReporter -->
<testsuite hostname="JAGDEESH" failures="0" tests="3" name="testclass.Test_Cases_A" time="44.229" errors="0" timestamp="2023-03-27T16:30:46 IST" skipped="0">
  <testcase classname="testclass.Test_Cases_A" name="ReqOtp" time="43.978"/>
  <system-out/>
  <testcase classname="testclass.Test_Cases_A" name="Verify" time="0.187"/>
  <system-out/>
  <testcase classname="testclass.Test_Cases_A" name="Verify_Page" time="0.064"/>
  <system-out/>
</testsuite> <!-- testclass.Test_Cases_A -->
